::1 - - [25/Jun/2019:15:01:47 -0500] "GET / HTTP/1.1" 200 3031
::1 - - [25/Jun/2019:15:01:52 -0500] "GET /login.php HTTP/1.1" 200 2054
::1 - - [25/Jun/2019:15:01:52 -0500] "GET /assets/css/reset.css HTTP/1.1" 200 1051
::1 - - [25/Jun/2019:15:01:52 -0500] "GET /assets/css/supersized.css HTTP/1.1" 200 1611
::1 - - [25/Jun/2019:15:01:52 -0500] "GET /assets/css/style.css HTTP/1.1" 200 4624
::1 - - [25/Jun/2019:15:01:52 -0500] "GET /assets/js/supersized-init.js HTTP/1.1" 200 1558
::1 - - [25/Jun/2019:15:01:52 -0500] "GET /assets/js/scripts.js HTTP/1.1" 200 1020
::1 - - [25/Jun/2019:15:01:52 -0500] "GET /assets/js/supersized.3.2.7.min.js HTTP/1.1" 200 18606
::1 - - [25/Jun/2019:15:01:52 -0500] "GET /assets/js/jquery-1.8.2.min.js HTTP/1.1" 200 93436
::1 - - [25/Jun/2019:15:01:52 -0500] "GET /assets/img/twitter.png HTTP/1.1" 200 933
::1 - - [25/Jun/2019:15:01:52 -0500] "GET /assets/img/facebook.png HTTP/1.1" 200 623
::1 - - [25/Jun/2019:15:01:52 -0500] "GET /assets/img/backgrounds/3.jpg HTTP/1.1" 200 52931
::1 - - [25/Jun/2019:15:01:52 -0500] "GET /assets/img/progress.gif HTTP/1.1" 200 2608
::1 - - [25/Jun/2019:15:01:52 -0500] "GET /assets/img/backgrounds/1.jpg HTTP/1.1" 200 72128
::1 - - [25/Jun/2019:15:01:52 -0500] "GET /assets/img/backgrounds/2.jpg HTTP/1.1" 200 68833
::1 - - [25/Jun/2019:15:01:58 -0500] "POST /login.php HTTP/1.1" 302 2054
::1 - - [25/Jun/2019:15:01:58 -0500] "GET /filtro.php HTTP/1.1" 302 164
::1 - - [25/Jun/2019:15:01:58 -0500] "GET /administra.css HTTP/1.1" 200 552
::1 - - [25/Jun/2019:15:01:58 -0500] "GET /administrador.php HTTP/1.1" 200 21034
::1 - - [25/Jun/2019:15:01:58 -0500] "GET /facil.jpg HTTP/1.1" 200 397251
::1 - - [25/Jun/2019:15:34:19 -0500] "GET /login.php HTTP/1.1" 200 2054
::1 - - [25/Jun/2019:15:37:43 -0500] "POST /login.php HTTP/1.1" 302 2054
::1 - - [25/Jun/2019:15:37:43 -0500] "GET /filtro.php HTTP/1.1" 302 152
::1 - - [25/Jun/2019:15:37:43 -0500] "GET /estilos.css HTTP/1.1" 200 703
::1 - - [25/Jun/2019:15:37:43 -0500] "GET /empleado.php HTTP/1.1" 200 21228
::1 - - [25/Jun/2019:15:37:43 -0500] "GET /reloj.js HTTP/1.1" 200 2161
::1 - - [25/Jun/2019:15:37:43 -0500] "GET /r.png HTTP/1.1" 200 69688
::1 - - [25/Jun/2019:15:59:14 -0500] "GET /login.php HTTP/1.1" 200 2054
::1 - - [25/Jun/2019:15:59:17 -0500] "POST /login.php HTTP/1.1" 302 2054
::1 - - [25/Jun/2019:15:59:17 -0500] "GET /filtro.php HTTP/1.1" 302 164
::1 - - [25/Jun/2019:15:59:17 -0500] "GET /administrador.php HTTP/1.1" 200 21034
