2017-04-24 23:26:52 9116 [Note] Plugin 'FEDERATED' is disabled.
2017-04-24 23:26:52 9116 [Note] InnoDB: The InnoDB memory heap is disabled
2017-04-24 23:26:52 9116 [Note] InnoDB: Mutexes and rw_locks use Windows interlocked functions
2017-04-24 23:26:52 9116 [Note] InnoDB: Compressed tables use zlib 1.2.3
2017-04-24 23:26:52 9116 [Note] InnoDB: Not using CPU crc32 instructions
2017-04-24 23:26:52 9116 [Note] InnoDB: Initializing buffer pool, size = 128.0M
2017-04-24 23:26:52 9116 [Note] InnoDB: Completed initialization of buffer pool
2017-04-24 23:26:52 9116 [Note] InnoDB: Highest supported file format is Barracuda.
2017-04-24 23:26:52 9116 [Note] InnoDB: The log sequence numbers 1626134 and 1626134 in ibdata files do not match the log sequence number 3673865 in the ib_logfiles!
2017-04-24 23:26:52 9116 [Note] InnoDB: Database was not shutdown normally!
2017-04-24 23:26:52 9116 [Note] InnoDB: Starting crash recovery.
2017-04-24 23:26:52 9116 [Note] InnoDB: Reading tablespace information from the .ibd files...
2017-04-24 23:26:52 9116 [Note] InnoDB: Restoring possible half-written data pages 
2017-04-24 23:26:52 9116 [Note] InnoDB: from the doublewrite buffer...
2017-04-24 23:26:53 9116 [Note] InnoDB: 128 rollback segment(s) are active.
2017-04-24 23:26:53 9116 [Note] InnoDB: Waiting for purge to start
2017-04-24 23:26:53 9116 [Note] InnoDB: 5.6.13 started; log sequence number 3673865
2017-04-24 23:26:53 9116 [Note] Server hostname (bind-address): '*'; port: 3307
2017-04-24 23:26:53 9116 [Note] IPv6 is available.
2017-04-24 23:26:53 9116 [Note]   - '::' resolves to '::';
2017-04-24 23:26:53 9116 [Note] Server socket created on IP: '::'.
2017-04-24 23:34:47 7448 [Note] Plugin 'FEDERATED' is disabled.
2017-04-24 23:34:47 7448 [Note] InnoDB: The InnoDB memory heap is disabled
2017-04-24 23:34:47 7448 [Note] InnoDB: Mutexes and rw_locks use Windows interlocked functions
2017-04-24 23:34:47 7448 [Note] InnoDB: Compressed tables use zlib 1.2.3
2017-04-24 23:34:47 7448 [Note] InnoDB: Not using CPU crc32 instructions
2017-04-24 23:34:47 7448 [Note] InnoDB: Initializing buffer pool, size = 128.0M
2017-04-24 23:34:47 7448 [Note] InnoDB: Completed initialization of buffer pool
2017-04-24 23:34:47 7448 [Note] InnoDB: Highest supported file format is Barracuda.
2017-04-24 23:34:47 7448 [Note] InnoDB: The log sequence numbers 1626134 and 1626134 in ibdata files do not match the log sequence number 3678842 in the ib_logfiles!
2017-04-24 23:34:47 7448 [Note] InnoDB: Database was not shutdown normally!
2017-04-24 23:34:47 7448 [Note] InnoDB: Starting crash recovery.
2017-04-24 23:34:47 7448 [Note] InnoDB: Reading tablespace information from the .ibd files...
2017-04-24 23:34:47 7448 [Note] InnoDB: Restoring possible half-written data pages 
2017-04-24 23:34:47 7448 [Note] InnoDB: from the doublewrite buffer...
2017-04-24 23:34:47 7448 [Note] InnoDB: 128 rollback segment(s) are active.
2017-04-24 23:34:47 7448 [Note] InnoDB: Waiting for purge to start
2017-04-24 23:34:47 7448 [Note] InnoDB: 5.6.13 started; log sequence number 3678842
2017-04-24 23:34:47 7448 [Note] Server hostname (bind-address): '*'; port: 3307
2017-04-24 23:34:47 7448 [Note] IPv6 is available.
2017-04-24 23:34:47 7448 [Note]   - '::' resolves to '::';
2017-04-24 23:34:47 7448 [Note] Server socket created on IP: '::'.
2017-04-24 23:47:09 5608 [Note] Plugin 'FEDERATED' is disabled.
2017-04-24 23:47:09 5608 [Note] InnoDB: The InnoDB memory heap is disabled
2017-04-24 23:47:09 5608 [Note] InnoDB: Mutexes and rw_locks use Windows interlocked functions
2017-04-24 23:47:09 5608 [Note] InnoDB: Compressed tables use zlib 1.2.3
2017-04-24 23:47:10 5608 [Note] InnoDB: Not using CPU crc32 instructions
2017-04-24 23:47:10 5608 [Note] InnoDB: Initializing buffer pool, size = 128.0M
2017-04-24 23:47:10 5608 [Note] InnoDB: Completed initialization of buffer pool
2017-04-24 23:47:10 5608 [Note] InnoDB: Highest supported file format is Barracuda.
2017-04-24 23:47:10 5608 [Note] InnoDB: The log sequence numbers 1626134 and 1626134 in ibdata files do not match the log sequence number 3688979 in the ib_logfiles!
2017-04-24 23:47:10 5608 [Note] InnoDB: Database was not shutdown normally!
2017-04-24 23:47:10 5608 [Note] InnoDB: Starting crash recovery.
2017-04-24 23:47:10 5608 [Note] InnoDB: Reading tablespace information from the .ibd files...
2017-04-24 23:47:10 5608 [Note] InnoDB: Restoring possible half-written data pages 
2017-04-24 23:47:10 5608 [Note] InnoDB: from the doublewrite buffer...
2017-04-24 23:47:10 5608 [Note] InnoDB: 128 rollback segment(s) are active.
2017-04-24 23:47:10 5608 [Note] InnoDB: Waiting for purge to start
2017-04-24 23:47:10 5608 [Note] InnoDB: 5.6.13 started; log sequence number 3688979
2017-04-24 23:47:10 5608 [Note] Server hostname (bind-address): '*'; port: 3307
2017-04-24 23:47:10 5608 [Note] IPv6 is available.
2017-04-24 23:47:10 5608 [Note]   - '::' resolves to '::';
2017-04-24 23:47:10 5608 [Note] Server socket created on IP: '::'.
2017-04-24 23:47:10 5608 [ERROR] Can't start server: Bind on TCP/IP port: No such file or directory
2017-04-24 23:47:10 5608 [ERROR] Do you already have another mysqld server running on port: 3307 ?
2017-04-24 23:47:10 5608 [ERROR] Aborting

2017-04-24 23:47:10 5608 [Note] Binlog end
2017-04-24 23:47:10 5608 [Note] Shutting down plugin 'partition'
2017-04-24 23:47:10 5608 [Note] Shutting down plugin 'PERFORMANCE_SCHEMA'
2017-04-24 23:47:10 5608 [Note] Shutting down plugin 'INNODB_SYS_DATAFILES'
2017-04-24 23:47:10 5608 [Note] Shutting down plugin 'INNODB_SYS_TABLESPACES'
2017-04-24 23:47:10 5608 [Note] Shutting down plugin 'INNODB_SYS_FOREIGN_COLS'
2017-04-24 23:47:10 5608 [Note] Shutting down plugin 'INNODB_SYS_FOREIGN'
2017-04-24 23:47:10 5608 [Note] Shutting down plugin 'INNODB_SYS_FIELDS'
2017-04-24 23:47:10 5608 [Note] Shutting down plugin 'INNODB_SYS_COLUMNS'
2017-04-24 23:47:10 5608 [Note] Shutting down plugin 'INNODB_SYS_INDEXES'
2017-04-24 23:47:10 5608 [Note] Shutting down plugin 'INNODB_SYS_TABLESTATS'
2017-04-24 23:47:10 5608 [Note] Shutting down plugin 'INNODB_SYS_TABLES'
2017-04-24 23:47:10 5608 [Note] Shutting down plugin 'INNODB_FT_INDEX_TABLE'
2017-04-24 23:47:10 5608 [Note] Shutting down plugin 'INNODB_FT_INDEX_CACHE'
2017-04-24 23:47:10 5608 [Note] Shutting down plugin 'INNODB_FT_CONFIG'
2017-04-24 23:47:10 5608 [Note] Shutting down plugin 'INNODB_FT_BEING_DELETED'
2017-04-24 23:47:10 5608 [Note] Shutting down plugin 'INNODB_FT_DELETED'
2017-04-24 23:47:10 5608 [Note] Shutting down plugin 'INNODB_FT_DEFAULT_STOPWORD'
2017-04-24 23:47:10 5608 [Note] Shutting down plugin 'INNODB_METRICS'
2017-04-24 23:47:10 5608 [Note] Shutting down plugin 'INNODB_BUFFER_POOL_STATS'
2017-04-24 23:47:10 5608 [Note] Shutting down plugin 'INNODB_BUFFER_PAGE_LRU'
2017-04-24 23:47:10 5608 [Note] Shutting down plugin 'INNODB_BUFFER_PAGE'
2017-04-24 23:47:10 5608 [Note] Shutting down plugin 'INNODB_CMP_PER_INDEX_RESET'
2017-04-24 23:47:10 5608 [Note] Shutting down plugin 'INNODB_CMP_PER_INDEX'
2017-04-24 23:47:10 5608 [Note] Shutting down plugin 'INNODB_CMPMEM_RESET'
2017-04-24 23:47:10 5608 [Note] Shutting down plugin 'INNODB_CMPMEM'
2017-04-24 23:47:10 5608 [Note] Shutting down plugin 'INNODB_CMP_RESET'
2017-04-24 23:47:10 5608 [Note] Shutting down plugin 'INNODB_CMP'
2017-04-24 23:47:10 5608 [Note] Shutting down plugin 'INNODB_LOCK_WAITS'
2017-04-24 23:47:10 5608 [Note] Shutting down plugin 'INNODB_LOCKS'
2017-04-24 23:47:10 5608 [Note] Shutting down plugin 'INNODB_TRX'
2017-04-24 23:47:10 5608 [Note] Shutting down plugin 'InnoDB'
2017-04-24 23:47:10 5608 [Note] InnoDB: FTS optimize thread exiting.
2017-04-24 23:47:10 5608 [Note] InnoDB: Starting shutdown...
2017-04-24 23:47:12 5608 [Note] InnoDB: Shutdown completed; log sequence number 3689325
2017-04-24 23:47:12 5608 [Note] Shutting down plugin 'BLACKHOLE'
2017-04-24 23:47:12 5608 [Note] Shutting down plugin 'ARCHIVE'
2017-04-24 23:47:12 5608 [Note] Shutting down plugin 'MRG_MYISAM'
2017-04-24 23:47:12 5608 [Note] Shutting down plugin 'MyISAM'
2017-04-24 23:47:12 5608 [Note] Shutting down plugin 'MEMORY'
2017-04-24 23:47:12 5608 [Note] Shutting down plugin 'CSV'
2017-04-24 23:47:12 5608 [Note] Shutting down plugin 'sha256_password'
2017-04-24 23:47:12 5608 [Note] Shutting down plugin 'mysql_old_password'
2017-04-24 23:47:12 5608 [Note] Shutting down plugin 'mysql_native_password'
2017-04-24 23:47:12 5608 [Note] Shutting down plugin 'binlog'
2017-04-24 23:47:12 5608 [Note] C:\Users\Jorge\Desktop\nose\WEB SERVER/mysql/bin/mysqld_usbwv8.exe: Shutdown complete

2017-04-24 23:48:44 8340 [Note] Plugin 'FEDERATED' is disabled.
2017-04-24 23:48:44 8340 [Note] InnoDB: The InnoDB memory heap is disabled
2017-04-24 23:48:44 8340 [Note] InnoDB: Mutexes and rw_locks use Windows interlocked functions
2017-04-24 23:48:44 8340 [Note] InnoDB: Compressed tables use zlib 1.2.3
2017-04-24 23:48:44 8340 [Note] InnoDB: Not using CPU crc32 instructions
2017-04-24 23:48:44 8340 [Note] InnoDB: Initializing buffer pool, size = 128.0M
2017-04-24 23:48:44 8340 [Note] InnoDB: Completed initialization of buffer pool
2017-04-24 23:48:44 8340 [Note] InnoDB: Highest supported file format is Barracuda.
2017-04-24 23:48:45 8340 [Note] InnoDB: 128 rollback segment(s) are active.
2017-04-24 23:48:45 8340 [Note] InnoDB: Waiting for purge to start
2017-04-24 23:48:45 8340 [Note] InnoDB: 5.6.13 started; log sequence number 3689325
2017-04-24 23:48:45 8340 [Note] Server hostname (bind-address): '*'; port: 3307
2017-04-24 23:48:45 8340 [Note] IPv6 is available.
2017-04-24 23:48:45 8340 [Note]   - '::' resolves to '::';
2017-04-24 23:48:45 8340 [Note] Server socket created on IP: '::'.
2017-04-25 00:44:06 8052 [Note] Plugin 'FEDERATED' is disabled.
2017-04-25 00:44:06 8052 [Note] InnoDB: The InnoDB memory heap is disabled
2017-04-25 00:44:06 8052 [Note] InnoDB: Mutexes and rw_locks use Windows interlocked functions
2017-04-25 00:44:06 8052 [Note] InnoDB: Compressed tables use zlib 1.2.3
2017-04-25 00:44:06 8052 [Note] InnoDB: Not using CPU crc32 instructions
2017-04-25 00:44:06 8052 [Note] InnoDB: Initializing buffer pool, size = 128.0M
2017-04-25 00:44:06 8052 [Note] InnoDB: Completed initialization of buffer pool
2017-04-25 00:44:06 8052 [Note] InnoDB: Highest supported file format is Barracuda.
2017-04-25 00:44:06 8052 [Note] InnoDB: The log sequence numbers 3689325 and 3689325 in ibdata files do not match the log sequence number 3689335 in the ib_logfiles!
2017-04-25 00:44:06 8052 [Note] InnoDB: Database was not shutdown normally!
2017-04-25 00:44:06 8052 [Note] InnoDB: Starting crash recovery.
2017-04-25 00:44:06 8052 [Note] InnoDB: Reading tablespace information from the .ibd files...
2017-04-25 00:44:06 8052 [Note] InnoDB: Restoring possible half-written data pages 
2017-04-25 00:44:06 8052 [Note] InnoDB: from the doublewrite buffer...
2017-04-25 00:44:07 8052 [Note] InnoDB: 128 rollback segment(s) are active.
2017-04-25 00:44:07 8052 [Note] InnoDB: Waiting for purge to start
2017-04-25 00:44:07 8052 [Note] InnoDB: 5.6.13 started; log sequence number 3689335
2017-04-25 00:44:07 8052 [Note] Server hostname (bind-address): '*'; port: 3307
2017-04-25 00:44:07 8052 [Note] IPv6 is available.
2017-04-25 00:44:07 8052 [Note]   - '::' resolves to '::';
2017-04-25 00:44:07 8052 [Note] Server socket created on IP: '::'.
2017-04-25 01:48:34 5460 [Note] Plugin 'FEDERATED' is disabled.
2017-04-25 01:48:34 5460 [Note] InnoDB: The InnoDB memory heap is disabled
2017-04-25 01:48:34 5460 [Note] InnoDB: Mutexes and rw_locks use Windows interlocked functions
2017-04-25 01:48:34 5460 [Note] InnoDB: Compressed tables use zlib 1.2.3
2017-04-25 01:48:34 5460 [Note] InnoDB: Not using CPU crc32 instructions
2017-04-25 01:48:34 5460 [Note] InnoDB: Initializing buffer pool, size = 128.0M
2017-04-25 01:48:34 5460 [Note] InnoDB: Completed initialization of buffer pool
2017-04-25 01:48:34 5460 [Note] InnoDB: Highest supported file format is Barracuda.
2017-04-25 01:48:34 5460 [Note] InnoDB: The log sequence numbers 3689325 and 3689325 in ibdata files do not match the log sequence number 3722016 in the ib_logfiles!
2017-04-25 01:48:34 5460 [Note] InnoDB: Database was not shutdown normally!
2017-04-25 01:48:34 5460 [Note] InnoDB: Starting crash recovery.
2017-04-25 01:48:34 5460 [Note] InnoDB: Reading tablespace information from the .ibd files...
2017-04-25 01:48:34 5460 [Note] InnoDB: Restoring possible half-written data pages 
2017-04-25 01:48:34 5460 [Note] InnoDB: from the doublewrite buffer...
2017-04-25 01:48:35 5460 [Note] InnoDB: 128 rollback segment(s) are active.
2017-04-25 01:48:35 5460 [Note] InnoDB: Waiting for purge to start
2017-04-25 01:48:35 5460 [Note] InnoDB: 5.6.13 started; log sequence number 3722016
2017-04-25 01:48:35 5460 [Note] Server hostname (bind-address): '*'; port: 3307
2017-04-25 01:48:35 5460 [Note] IPv6 is available.
2017-04-25 01:48:35 5460 [Note]   - '::' resolves to '::';
2017-04-25 01:48:35 5460 [Note] Server socket created on IP: '::'.
2017-05-01 19:27:26 5944 [Note] Plugin 'FEDERATED' is disabled.
2017-05-01 19:27:26 5944 [Note] InnoDB: The InnoDB memory heap is disabled
2017-05-01 19:27:26 5944 [Note] InnoDB: Mutexes and rw_locks use Windows interlocked functions
2017-05-01 19:27:26 5944 [Note] InnoDB: Compressed tables use zlib 1.2.3
2017-05-01 19:27:26 5944 [Note] InnoDB: Not using CPU crc32 instructions
2017-05-01 19:27:26 5944 [Note] InnoDB: Initializing buffer pool, size = 128.0M
2017-05-01 19:27:26 5944 [Note] InnoDB: Completed initialization of buffer pool
2017-05-01 19:27:26 5944 [Note] InnoDB: Highest supported file format is Barracuda.
2017-05-01 19:27:26 5944 [Note] InnoDB: The log sequence numbers 3689325 and 3689325 in ibdata files do not match the log sequence number 4241190 in the ib_logfiles!
2017-05-01 19:27:26 5944 [Note] InnoDB: Database was not shutdown normally!
2017-05-01 19:27:26 5944 [Note] InnoDB: Starting crash recovery.
2017-05-01 19:27:26 5944 [Note] InnoDB: Reading tablespace information from the .ibd files...
2017-05-01 19:27:26 5944 [Note] InnoDB: Restoring possible half-written data pages 
2017-05-01 19:27:26 5944 [Note] InnoDB: from the doublewrite buffer...
2017-05-01 19:27:31 5944 [Note] InnoDB: 128 rollback segment(s) are active.
2017-05-01 19:27:31 5944 [Note] InnoDB: Waiting for purge to start
2017-05-01 19:27:31 5944 [Note] InnoDB: 5.6.13 started; log sequence number 4241190
2017-05-01 19:27:31 5944 [Note] Server hostname (bind-address): '*'; port: 3307
2017-05-01 19:27:31 5944 [Note] IPv6 is available.
2017-05-01 19:27:31 5944 [Note]   - '::' resolves to '::';
2017-05-01 19:27:31 5944 [Note] Server socket created on IP: '::'.
2017-05-01 19:28:28 8008 [Note] Plugin 'FEDERATED' is disabled.
2017-05-01 19:28:28 8008 [Note] InnoDB: The InnoDB memory heap is disabled
2017-05-01 19:28:28 8008 [Note] InnoDB: Mutexes and rw_locks use Windows interlocked functions
2017-05-01 19:28:28 8008 [Note] InnoDB: Compressed tables use zlib 1.2.3
2017-05-01 19:28:28 8008 [Note] InnoDB: Not using CPU crc32 instructions
2017-05-01 19:28:28 8008 [Note] InnoDB: Initializing buffer pool, size = 128.0M
2017-05-01 19:28:28 8008 [Note] InnoDB: Completed initialization of buffer pool
2017-05-01 19:28:28 8008 [ERROR] InnoDB: C:\Users\Jorge\Desktop\ultimo\WEB SERVER\mysql\data\ibdata1 can't be opened in read-write mode
2017-05-01 19:28:28 8008 [ERROR] InnoDB: The system tablespace must be writable!
2017-05-01 19:28:28 8008 [ERROR] Plugin 'InnoDB' init function returned error.
2017-05-01 19:28:28 8008 [ERROR] Plugin 'InnoDB' registration as a STORAGE ENGINE failed.
2017-05-01 19:28:28 8008 [ERROR] Unknown/unsupported storage engine: InnoDB
2017-05-01 19:28:28 8008 [ERROR] Aborting

2017-05-01 19:28:28 8008 [Note] Binlog end
2017-05-01 19:28:28 8008 [Note] Shutting down plugin 'partition'
2017-05-01 19:28:28 8008 [Note] Shutting down plugin 'PERFORMANCE_SCHEMA'
2017-05-01 19:28:28 8008 [Note] Shutting down plugin 'INNODB_SYS_DATAFILES'
2017-05-01 19:28:28 8008 [Note] Shutting down plugin 'INNODB_SYS_TABLESPACES'
2017-05-01 19:28:28 8008 [Note] Shutting down plugin 'INNODB_SYS_FOREIGN_COLS'
2017-05-01 19:28:28 8008 [Note] Shutting down plugin 'INNODB_SYS_FOREIGN'
2017-05-01 19:28:28 8008 [Note] Shutting down plugin 'INNODB_SYS_FIELDS'
2017-05-01 19:28:28 8008 [Note] Shutting down plugin 'INNODB_SYS_COLUMNS'
2017-05-01 19:28:28 8008 [Note] Shutting down plugin 'INNODB_SYS_INDEXES'
2017-05-01 19:28:28 8008 [Note] Shutting down plugin 'INNODB_SYS_TABLESTATS'
2017-05-01 19:28:28 8008 [Note] Shutting down plugin 'INNODB_SYS_TABLES'
2017-05-01 19:28:28 8008 [Note] Shutting down plugin 'INNODB_FT_INDEX_TABLE'
2017-05-01 19:28:28 8008 [Note] Shutting down plugin 'INNODB_FT_INDEX_CACHE'
2017-05-01 19:28:28 8008 [Note] Shutting down plugin 'INNODB_FT_CONFIG'
2017-05-01 19:28:28 8008 [Note] Shutting down plugin 'INNODB_FT_BEING_DELETED'
2017-05-01 19:28:28 8008 [Note] Shutting down plugin 'INNODB_FT_DELETED'
2017-05-01 19:28:28 8008 [Note] Shutting down plugin 'INNODB_FT_DEFAULT_STOPWORD'
2017-05-01 19:28:28 8008 [Note] Shutting down plugin 'INNODB_METRICS'
2017-05-01 19:28:28 8008 [Note] Shutting down plugin 'INNODB_BUFFER_POOL_STATS'
2017-05-01 19:28:28 8008 [Note] Shutting down plugin 'INNODB_BUFFER_PAGE_LRU'
2017-05-01 19:28:28 8008 [Note] Shutting down plugin 'INNODB_BUFFER_PAGE'
2017-05-01 19:28:28 8008 [Note] Shutting down plugin 'INNODB_CMP_PER_INDEX_RESET'
2017-05-01 19:28:28 8008 [Note] Shutting down plugin 'INNODB_CMP_PER_INDEX'
2017-05-01 19:28:28 8008 [Note] Shutting down plugin 'INNODB_CMPMEM_RESET'
2017-05-01 19:28:28 8008 [Note] Shutting down plugin 'INNODB_CMPMEM'
2017-05-01 19:28:28 8008 [Note] Shutting down plugin 'INNODB_CMP_RESET'
2017-05-01 19:28:28 8008 [Note] Shutting down plugin 'INNODB_CMP'
2017-05-01 19:28:28 8008 [Note] Shutting down plugin 'INNODB_LOCK_WAITS'
2017-05-01 19:28:28 8008 [Note] Shutting down plugin 'INNODB_LOCKS'
2017-05-01 19:28:28 8008 [Note] Shutting down plugin 'INNODB_TRX'
2017-05-01 19:28:28 8008 [Note] Shutting down plugin 'BLACKHOLE'
2017-05-01 19:28:28 8008 [Note] Shutting down plugin 'ARCHIVE'
2017-05-01 19:28:28 8008 [Note] Shutting down plugin 'MRG_MYISAM'
2017-05-01 19:28:28 8008 [Note] Shutting down plugin 'MyISAM'
2017-05-01 19:28:28 8008 [Note] Shutting down plugin 'MEMORY'
2017-05-01 19:28:28 8008 [Note] Shutting down plugin 'CSV'
2017-05-01 19:28:28 8008 [Note] Shutting down plugin 'sha256_password'
2017-05-01 19:28:28 8008 [Note] Shutting down plugin 'mysql_old_password'
2017-05-01 19:28:28 8008 [Note] Shutting down plugin 'mysql_native_password'
2017-05-01 19:28:28 8008 [Note] Shutting down plugin 'binlog'
2017-05-01 19:28:28 8008 [Note] C:\Users\Jorge\Desktop\ultimo\WEB SERVER/mysql/bin/mysqld_usbwv8.exe: Shutdown complete

2017-05-01 19:31:32 10748 [Note] Plugin 'FEDERATED' is disabled.
2017-05-01 19:31:32 10748 [Note] InnoDB: The InnoDB memory heap is disabled
2017-05-01 19:31:32 10748 [Note] InnoDB: Mutexes and rw_locks use Windows interlocked functions
2017-05-01 19:31:32 10748 [Note] InnoDB: Compressed tables use zlib 1.2.3
2017-05-01 19:31:32 10748 [Note] InnoDB: Not using CPU crc32 instructions
2017-05-01 19:31:32 10748 [Note] InnoDB: Initializing buffer pool, size = 128.0M
2017-05-01 19:31:32 10748 [Note] InnoDB: Completed initialization of buffer pool
2017-05-01 19:31:32 10748 [Note] InnoDB: Highest supported file format is Barracuda.
2017-05-01 19:31:32 10748 [Note] InnoDB: The log sequence numbers 3689325 and 3689325 in ibdata files do not match the log sequence number 4241200 in the ib_logfiles!
2017-05-01 19:31:32 10748 [Note] InnoDB: Database was not shutdown normally!
2017-05-01 19:31:32 10748 [Note] InnoDB: Starting crash recovery.
2017-05-01 19:31:32 10748 [Note] InnoDB: Reading tablespace information from the .ibd files...
2017-05-01 19:31:32 10748 [Note] InnoDB: Restoring possible half-written data pages 
2017-05-01 19:31:32 10748 [Note] InnoDB: from the doublewrite buffer...
2017-05-01 19:31:33 10748 [Note] InnoDB: 128 rollback segment(s) are active.
2017-05-01 19:31:33 10748 [Note] InnoDB: Waiting for purge to start
2017-05-01 19:31:33 10748 [Note] InnoDB: 5.6.13 started; log sequence number 4241200
2017-05-01 19:31:33 10748 [Note] Server hostname (bind-address): '*'; port: 3307
2017-05-01 19:31:33 10748 [Note] IPv6 is available.
2017-05-01 19:31:33 10748 [Note]   - '::' resolves to '::';
2017-05-01 19:31:33 10748 [Note] Server socket created on IP: '::'.
2017-05-01 20:36:29 6456 [Note] Plugin 'FEDERATED' is disabled.
2017-05-01 20:36:29 6456 [Note] InnoDB: The InnoDB memory heap is disabled
2017-05-01 20:36:29 6456 [Note] InnoDB: Mutexes and rw_locks use Windows interlocked functions
2017-05-01 20:36:29 6456 [Note] InnoDB: Compressed tables use zlib 1.2.3
2017-05-01 20:36:29 6456 [Note] InnoDB: Not using CPU crc32 instructions
2017-05-01 20:36:29 6456 [Note] InnoDB: Initializing buffer pool, size = 128.0M
2017-05-01 20:36:29 6456 [Note] InnoDB: Completed initialization of buffer pool
2017-05-01 20:36:29 6456 [Note] InnoDB: Highest supported file format is Barracuda.
2017-05-01 20:36:29 6456 [Note] InnoDB: The log sequence numbers 3689325 and 3689325 in ibdata files do not match the log sequence number 4241210 in the ib_logfiles!
2017-05-01 20:36:29 6456 [Note] InnoDB: Database was not shutdown normally!
2017-05-01 20:36:29 6456 [Note] InnoDB: Starting crash recovery.
2017-05-01 20:36:29 6456 [Note] InnoDB: Reading tablespace information from the .ibd files...
2017-05-01 20:36:30 6456 [Note] InnoDB: Restoring possible half-written data pages 
2017-05-01 20:36:30 6456 [Note] InnoDB: from the doublewrite buffer...
2017-05-01 20:36:31 6456 [Note] InnoDB: 128 rollback segment(s) are active.
2017-05-01 20:36:31 6456 [Note] InnoDB: Waiting for purge to start
2017-05-01 20:36:31 6456 [Note] InnoDB: 5.6.13 started; log sequence number 4241210
2017-05-01 20:36:31 6456 [Note] Server hostname (bind-address): '*'; port: 3307
2017-05-01 20:36:31 6456 [Note] IPv6 is available.
2017-05-01 20:36:31 6456 [Note]   - '::' resolves to '::';
2017-05-01 20:36:31 6456 [Note] Server socket created on IP: '::'.
2017-05-15 23:12:51 5708 [Note] Plugin 'FEDERATED' is disabled.
2017-05-15 23:12:51 5708 [Note] InnoDB: The InnoDB memory heap is disabled
2017-05-15 23:12:51 5708 [Note] InnoDB: Mutexes and rw_locks use Windows interlocked functions
2017-05-15 23:12:51 5708 [Note] InnoDB: Compressed tables use zlib 1.2.3
2017-05-15 23:12:51 5708 [Note] InnoDB: Not using CPU crc32 instructions
2017-05-15 23:12:51 5708 [Note] InnoDB: Initializing buffer pool, size = 128.0M
2017-05-15 23:12:51 5708 [Note] InnoDB: Completed initialization of buffer pool
2017-05-15 23:12:51 5708 [Note] InnoDB: Highest supported file format is Barracuda.
2017-05-15 23:12:51 5708 [Note] InnoDB: The log sequence numbers 3689325 and 3689325 in ibdata files do not match the log sequence number 4245923 in the ib_logfiles!
2017-05-15 23:12:51 5708 [Note] InnoDB: Database was not shutdown normally!
2017-05-15 23:12:51 5708 [Note] InnoDB: Starting crash recovery.
2017-05-15 23:12:51 5708 [Note] InnoDB: Reading tablespace information from the .ibd files...
2017-05-15 23:12:52 5708 [Note] InnoDB: Restoring possible half-written data pages 
2017-05-15 23:12:52 5708 [Note] InnoDB: from the doublewrite buffer...
2017-05-15 23:12:52 5708 [Note] InnoDB: 128 rollback segment(s) are active.
2017-05-15 23:12:52 5708 [Note] InnoDB: Waiting for purge to start
2017-05-15 23:12:52 5708 [Note] InnoDB: 5.6.13 started; log sequence number 4245923
2017-05-15 23:12:52 5708 [Note] Server hostname (bind-address): '*'; port: 3307
2017-05-15 23:12:52 5708 [Note] IPv6 is available.
2017-05-15 23:12:52 5708 [Note]   - '::' resolves to '::';
2017-05-15 23:12:52 5708 [Note] Server socket created on IP: '::'.
2017-05-16 01:07:27 8600 [Note] Plugin 'FEDERATED' is disabled.
2017-05-16 01:07:27 8600 [Note] InnoDB: The InnoDB memory heap is disabled
2017-05-16 01:07:27 8600 [Note] InnoDB: Mutexes and rw_locks use Windows interlocked functions
2017-05-16 01:07:27 8600 [Note] InnoDB: Compressed tables use zlib 1.2.3
2017-05-16 01:07:27 8600 [Note] InnoDB: Not using CPU crc32 instructions
2017-05-16 01:07:27 8600 [Note] InnoDB: Initializing buffer pool, size = 128.0M
2017-05-16 01:07:27 8600 [Note] InnoDB: Completed initialization of buffer pool
2017-05-16 01:07:27 8600 [Note] InnoDB: Highest supported file format is Barracuda.
2017-05-16 01:07:27 8600 [Note] InnoDB: The log sequence numbers 3689325 and 3689325 in ibdata files do not match the log sequence number 4245933 in the ib_logfiles!
2017-05-16 01:07:27 8600 [Note] InnoDB: Database was not shutdown normally!
2017-05-16 01:07:27 8600 [Note] InnoDB: Starting crash recovery.
2017-05-16 01:07:27 8600 [Note] InnoDB: Reading tablespace information from the .ibd files...
2017-05-16 01:07:27 8600 [Note] InnoDB: Restoring possible half-written data pages 
2017-05-16 01:07:27 8600 [Note] InnoDB: from the doublewrite buffer...
2017-05-16 01:07:27 8600 [Note] InnoDB: 128 rollback segment(s) are active.
2017-05-16 01:07:27 8600 [Note] InnoDB: Waiting for purge to start
2017-05-16 01:07:27 8600 [Note] InnoDB: 5.6.13 started; log sequence number 4245933
2017-05-16 01:07:27 8600 [Note] Server hostname (bind-address): '*'; port: 3307
2017-05-16 01:07:27 8600 [Note] IPv6 is available.
2017-05-16 01:07:27 8600 [Note]   - '::' resolves to '::';
2017-05-16 01:07:27 8600 [Note] Server socket created on IP: '::'.
